0 info it worked if it ends with ok
1 verbose cli [ 'C:\\Program Files\\nodejs\\node.exe',
1 verbose cli   'C:\\ProgramData\\chocolatey\\lib\\npm\\tools\\node_modules\\npm\\bin\\npm-cli.js',
1 verbose cli   'install',
1 verbose cli   '-g',
1 verbose cli   'electron' ]
2 info using npm@1.4.9
3 info using node@v7.5.0
4 verbose cache add [ 'electron', null ]
5 verbose cache add name=undefined spec="electron" args=["electron",null]
6 verbose parsed url Url {
6 verbose parsed url   protocol: null,
6 verbose parsed url   slashes: null,
6 verbose parsed url   auth: null,
6 verbose parsed url   host: null,
6 verbose parsed url   port: null,
6 verbose parsed url   hostname: null,
6 verbose parsed url   hash: null,
6 verbose parsed url   search: null,
6 verbose parsed url   query: null,
6 verbose parsed url   pathname: 'electron',
6 verbose parsed url   path: 'electron',
6 verbose parsed url   href: 'electron' }
7 silly lockFile da005969-electron electron
8 verbose lock electron C:\Users\user\AppData\Roaming\npm-cache\da005969-electron.lock
9 silly lockFile da005969-electron electron
10 silly lockFile da005969-electron electron
11 verbose addNamed [ 'electron', '' ]
12 verbose addNamed [ null, '*' ]
13 silly lockFile 89f56ea2-electron electron@
14 verbose lock electron@ C:\Users\user\AppData\Roaming\npm-cache\89f56ea2-electron.lock
15 silly addNameRange { name: 'electron', range: '*', hasData: false }
16 verbose url raw electron
17 verbose url resolving [ 'https://registry.npmjs.org/', './electron' ]
18 verbose url resolved https://registry.npmjs.org/electron
19 info trying registry request attempt 1 at 09:05:22
20 http GET https://registry.npmjs.org/electron
21 http 200 https://registry.npmjs.org/electron
22 silly registry.get cb [ 200,
22 silly registry.get   { server: 'nginx/1.10.1',
22 silly registry.get     'content-type': 'application/json',
22 silly registry.get     'last-modified': 'Tue, 28 Mar 2017 08:37:57 GMT',
22 silly registry.get     etag: 'W/"58da20e5-144fc"',
22 silly registry.get     'content-encoding': 'gzip',
22 silly registry.get     'cache-control': 'max-age=300',
22 silly registry.get     'content-length': '8175',
22 silly registry.get     'accept-ranges': 'bytes',
22 silly registry.get     date: 'Wed, 29 Mar 2017 00:05:21 GMT',
22 silly registry.get     via: '1.1 varnish',
22 silly registry.get     age: '0',
22 silly registry.get     connection: 'close',
22 silly registry.get     'x-served-by': 'cache-nrt6134-NRT',
22 silly registry.get     'x-cache': 'HIT',
22 silly registry.get     'x-cache-hits': '1',
22 silly registry.get     'x-timer': 'S1490745921.079134,VS0,VE678',
22 silly registry.get     vary: 'Accept-Encoding' } ]
23 silly addNameRange number 2 { name: 'electron', range: '*', hasData: true }
24 silly addNameRange versions [ 'electron',
24 silly addNameRange   [ '0.1.0',
24 silly addNameRange     '0.1.1',
24 silly addNameRange     '0.1.2',
24 silly addNameRange     '0.2.0',
24 silly addNameRange     '0.2.1',
24 silly addNameRange     '0.3.0',
24 silly addNameRange     '0.4.0',
24 silly addNameRange     '0.4.1',
24 silly addNameRange     '1.3.1',
24 silly addNameRange     '1.3.2',
24 silly addNameRange     '1.3.3',
24 silly addNameRange     '1.3.4',
24 silly addNameRange     '1.3.5',
24 silly addNameRange     '1.3.6',
24 silly addNameRange     '1.4.0',
24 silly addNameRange     '1.4.1',
24 silly addNameRange     '1.3.7',
24 silly addNameRange     '1.4.2',
24 silly addNameRange     '1.4.3',
24 silly addNameRange     '1.4.4',
24 silly addNameRange     '1.3.8',
24 silly addNameRange     '1.4.5',
24 silly addNameRange     '1.4.6',
24 silly addNameRange     '1.4.7',
24 silly addNameRange     '1.3.9',
24 silly addNameRange     '1.3.10',
24 silly addNameRange     '1.4.8',
24 silly addNameRange     '1.3.12',
24 silly addNameRange     '1.4.10',
24 silly addNameRange     '1.3.13',
24 silly addNameRange     '1.4.11',
24 silly addNameRange     '1.4.12',
24 silly addNameRange     '1.4.13',
24 silly addNameRange     '1.4.14',
24 silly addNameRange     '1.4.15',
24 silly addNameRange     '1.5.0',
24 silly addNameRange     '1.5.1',
24 silly addNameRange     '1.6.0',
24 silly addNameRange     '1.6.1',
24 silly addNameRange     '1.6.2',
24 silly addNameRange     '1.6.3',
24 silly addNameRange     '1.3.14',
24 silly addNameRange     '1.6.4' ] ]
25 verbose addNamed [ 'electron', '1.6.2' ]
26 verbose addNamed [ '1.6.2', '1.6.2' ]
27 silly lockFile db36a7e1-electron-1-6-2 electron@1.6.2
28 verbose lock electron@1.6.2 C:\Users\user\AppData\Roaming\npm-cache\db36a7e1-electron-1-6-2.lock
29 silly lockFile 08455cee--org-electron-electron-1-6-2-tgz https://registry.npmjs.org/electron/-/electron-1.6.2.tgz
30 verbose lock https://registry.npmjs.org/electron/-/electron-1.6.2.tgz C:\Users\user\AppData\Roaming\npm-cache\08455cee--org-electron-electron-1-6-2-tgz.lock
31 verbose addRemoteTarball [ 'https://registry.npmjs.org/electron/-/electron-1.6.2.tgz',
31 verbose addRemoteTarball   'b0ccd7703f86d09c4d2a7273455c3f993f158994' ]
32 info retry fetch attempt 1 at 09:05:23
33 verbose fetch to= C:\Users\user\AppData\Local\Temp\npm-27388-nPk0KrDk\1490745923336-0.39806605638893533\tmp.tgz
34 http GET https://registry.npmjs.org/electron/-/electron-1.6.2.tgz
35 http 200 https://registry.npmjs.org/electron/-/electron-1.6.2.tgz
36 verbose tar unpack C:\Users\user\AppData\Local\Temp\npm-27388-nPk0KrDk\1490745923336-0.39806605638893533\tmp.tgz
37 silly lockFile 2146424b-npm-cache-electron-1-6-2-package tar://C:\Users\user\AppData\Roaming\npm-cache\electron\1.6.2\package
38 verbose lock tar://C:\Users\user\AppData\Roaming\npm-cache\electron\1.6.2\package C:\Users\user\AppData\Roaming\npm-cache\2146424b-npm-cache-electron-1-6-2-package.lock
39 silly lockFile ff154979-3336-0-39806605638893533-tmp-tgz tar://C:\Users\user\AppData\Local\Temp\npm-27388-nPk0KrDk\1490745923336-0.39806605638893533\tmp.tgz
40 verbose lock tar://C:\Users\user\AppData\Local\Temp\npm-27388-nPk0KrDk\1490745923336-0.39806605638893533\tmp.tgz C:\Users\user\AppData\Roaming\npm-cache\ff154979-3336-0-39806605638893533-tmp-tgz.lock
41 silly gunzTarPerm modes [ '755', '644' ]
42 silly gunzTarPerm extractEntry
43 silly gunzTarPerm modified mode [ '', 509, 493 ]
44 silly gunzTarPerm extractEntry .gitignore
45 silly gunzTarPerm modified mode [ '.gitignore', 436, 420 ]
46 silly gunzTarPerm extractEntry .npmignore
47 silly gunzTarPerm modified mode [ '.npmignore', 436, 420 ]
48 silly gunzTarPerm extractEntry .travis.yml
49 silly gunzTarPerm modified mode [ '.travis.yml', 436, 420 ]
50 silly gunzTarPerm extractEntry CONTRIBUTING.md
51 silly gunzTarPerm modified mode [ 'CONTRIBUTING.md', 436, 420 ]
52 silly gunzTarPerm extractEntry LICENSE
53 silly gunzTarPerm modified mode [ 'LICENSE', 436, 420 ]
54 silly gunzTarPerm extractEntry README.md
55 silly gunzTarPerm modified mode [ 'README.md', 436, 420 ]
56 silly gunzTarPerm extractEntry appveyor.yml
57 silly gunzTarPerm modified mode [ 'appveyor.yml', 436, 420 ]
58 silly gunzTarPerm extractEntry cli.js
59 silly gunzTarPerm modified mode [ 'cli.js', 509, 493 ]
60 silly gunzTarPerm extractEntry index.js
61 silly gunzTarPerm modified mode [ 'index.js', 436, 420 ]
62 silly gunzTarPerm extractEntry install.js
63 silly gunzTarPerm modified mode [ 'install.js', 509, 493 ]
64 silly gunzTarPerm extractEntry issue_template.md
65 silly gunzTarPerm modified mode [ 'issue_template.md', 436, 420 ]
66 silly gunzTarPerm extractEntry package.json
67 silly gunzTarPerm modified mode [ 'package.json', 436, 420 ]
68 silly gunzTarPerm extractEntry test/
69 silly gunzTarPerm modified mode [ 'test/', 509, 493 ]
70 silly gunzTarPerm extractEntry test/errors.js
71 silly gunzTarPerm modified mode [ 'test/errors.js', 436, 420 ]
72 silly gunzTarPerm extractEntry test/index.js
73 silly gunzTarPerm modified mode [ 'test/index.js', 436, 420 ]
74 silly lockFile 2146424b-npm-cache-electron-1-6-2-package tar://C:\Users\user\AppData\Roaming\npm-cache\electron\1.6.2\package
75 silly lockFile 2146424b-npm-cache-electron-1-6-2-package tar://C:\Users\user\AppData\Roaming\npm-cache\electron\1.6.2\package
76 silly lockFile ff154979-3336-0-39806605638893533-tmp-tgz tar://C:\Users\user\AppData\Local\Temp\npm-27388-nPk0KrDk\1490745923336-0.39806605638893533\tmp.tgz
77 silly lockFile ff154979-3336-0-39806605638893533-tmp-tgz tar://C:\Users\user\AppData\Local\Temp\npm-27388-nPk0KrDk\1490745923336-0.39806605638893533\tmp.tgz
78 silly lockFile 08455cee--org-electron-electron-1-6-2-tgz https://registry.npmjs.org/electron/-/electron-1.6.2.tgz
79 silly lockFile 08455cee--org-electron-electron-1-6-2-tgz https://registry.npmjs.org/electron/-/electron-1.6.2.tgz
80 silly lockFile db36a7e1-electron-1-6-2 electron@1.6.2
81 silly lockFile db36a7e1-electron-1-6-2 electron@1.6.2
82 silly lockFile 89f56ea2-electron electron@
83 silly lockFile 89f56ea2-electron electron@
84 silly resolved [ { name: 'electron',
84 silly resolved     version: '1.6.2',
84 silly resolved     description: 'Install prebuilt electron binaries for the command-line using npm',
84 silly resolved     repository:
84 silly resolved      { type: 'git',
84 silly resolved        url: 'https://github.com/electron-userland/electron-prebuilt' },
84 silly resolved     scripts:
84 silly resolved      { 'cache-clean': 'rm -rf ~/.electron && rm -rf dist',
84 silly resolved        postinstall: 'node install.js',
84 silly resolved        pretest: 'npm run cache-clean && npm run postinstall',
84 silly resolved        test: 'tape test/*.js && standard' },
84 silly resolved     bin: { electron: 'cli.js' },
84 silly resolved     main: 'index.js',
84 silly resolved     dependencies: { 'extract-zip': '^1.0.3', 'electron-download': '^3.0.1' },
84 silly resolved     devDependencies:
84 silly resolved      { 'home-path': '^0.1.1',
84 silly resolved        'path-exists': '^2.0.0',
84 silly resolved        standard: '^5.4.1',
84 silly resolved        tape: '^3.0.1' },
84 silly resolved     author: { name: 'Mathias Buus' },
84 silly resolved     license: 'MIT',
84 silly resolved     directories: { test: 'test' },
84 silly resolved     keywords: [ 'electron' ],
84 silly resolved     readme: '# electron-prebuilt\n\n[![Travis build status](http://img.shields.io/travis/electron-userland/electron-prebuilt.svg?style=flat)](http://travis-ci.org/electron-userland/electron-prebuilt)\n[![AppVeyor build status](https://ci.appveyor.com/api/projects/status/qd978ky9axl8m1m1?svg=true)](https://ci.appveyor.com/project/Atom/electron-prebuilt)\n\n[![badge](https://nodei.co/npm/electron.png?downloads=true)](https://www.npmjs.com/package/electron)\n\nInstall [Electron](https://github.com/electron/electron) prebuilt binaries for\ncommand-line use using npm. This module helps you easily install the `electron`\ncommand for use on the command line without having to compile anything.\n\n[Electron](http://electron.atom.io) is a JavaScript runtime that bundles Node.js\nand Chromium. You use it similar to the `node` command on the command line for\nexecuting JavaScript programs. For more info you can read [this intro blog post](http://maxogden.com/electron-fundamentals.html)\nor dive into the [Electron documentation](http://electron.atom.io/docs).\n\n## Installation\n\n**Note** As of version 1.3.1, this package is published to npm under two names:\n`electron` and `electron-prebuilt`. You can currently use either name, but\n`electron` is recommended, as the `electron-prebuilt` name is deprecated, and\nwill only be published until the end of 2016.\n\nDownload and install the latest build of Electron for your OS and add it to your\nproject\'s `package.json` as a `devDependency`:\n\n```shell\nnpm install electron --save-dev\n```\n\nThis is the preferred way to use Electron, as it doesn\'t require users to\ninstall Electron globally.\n\nYou can also use the `-g` flag (global) to symlink it into your PATH:\n\n```shell\nnpm install -g electron\n```\n\nIf that command fails with an `EACCESS` error you may have to run it again with `sudo`:\n\n```shell\nsudo npm install -g electron\n```\n\nNow you can just run `electron` to run electron:\n\n```shell\nelectron\n```\n\nIf you need to use an HTTP proxy you can [set these environment variables](https://github.com/request/request/tree/f0c4ec061141051988d1216c24936ad2e7d5c45d#controlling-proxy-behaviour-using-environment-variables).\n\nIf you want to change the architecture that is downloaded (e.g., `ia32` on an\n`x64` machine), you can use the `--arch` flag with npm install or set the\n`npm_config_arch` environment variable:\n\n```shell\nnpm install --arch=ia32 electron\n```\n\n## About\n\nWorks on Mac, Windows and Linux OSes that Electron supports (e.g. Electron\n[does not support Windows XP](https://github.com/electron/electron/issues/691)).\n\nThe version numbers of this module match the version number of the [official\nElectron releases](https://github.com/electron/electron/releases), which\n[do not follow semantic versioning](http://electron.atom.io/docs/tutorial/electron-versioning/).\n\nThis module is automatically released whenever a new version of Electron is\nreleased thanks to [electron-prebuilt-updater](https://github.com/electron/electron-prebuilt-updater),\noriginally written by [John Muhl](https://github.com/johnmuhl/).\n\n## Usage\n\nFirst, you have to [write an Electron application](http://electron.atom.io/docs/tutorial/quick-start/).\n\nThen, you can run your app using:\n\n```shell\nelectron your-app/\n```\n\n## Related modules\n\n- [electron-packager](https://github.com/electron-userland/electron-packager) -\n  Package and distribute your Electron app with OS-specific bundles\n  (.app, .exe etc)\n- [electron-builder](https://github.com/electron-userland/electron-builder) -\n  create installers\n- [menubar](https://github.com/maxogden/menubar) - high level way to create\n  menubar desktop applications with electron\n\nFind more at the [awesome-electron](https://github.com/sindresorhus/awesome-electron) list.\n\n## Programmatic usage\n\nMost people use this from the command line, but if you require `electron` inside\nyour **Node app** (not your Electron app) it will return the file path to the\nbinary. Use this to spawn Electron from Node scripts:\n\n```javascript\nvar electron = require(\'electron\')\nvar proc = require(\'child_process\')\n\n// will print something similar to /Users/maf/.../Electron\nconsole.log(electron)\n\n// spawn Electron\nvar child = proc.spawn(electron)\n```\n',
84 silly resolved     readmeFilename: 'README.md',
84 silly resolved     bugs: { url: 'https://github.com/electron-userland/electron-prebuilt/issues' },
84 silly resolved     homepage: 'https://github.com/electron-userland/electron-prebuilt',
84 silly resolved     _id: 'electron@1.6.2',
84 silly resolved     _shasum: 'b0ccd7703f86d09c4d2a7273455c3f993f158994',
84 silly resolved     _from: 'electron@',
84 silly resolved     _resolved: 'https://registry.npmjs.org/electron/-/electron-1.6.2.tgz' } ]
85 info install electron@1.6.2 into C:\Program Files\nodejs
86 info installOne electron@1.6.2
87 info C:\Program Files\nodejs\node_modules\electron unbuild
88 verbose tar unpack C:\Users\user\AppData\Roaming\npm-cache\electron\1.6.2\package.tgz
89 silly lockFile 0d63e8aa-les-nodejs-node-modules-electron tar://C:\Program Files\nodejs\node_modules\electron
90 verbose lock tar://C:\Program Files\nodejs\node_modules\electron C:\Users\user\AppData\Roaming\npm-cache\0d63e8aa-les-nodejs-node-modules-electron.lock
91 silly lockFile 654f2f5a-cache-electron-1-6-2-package-tgz tar://C:\Users\user\AppData\Roaming\npm-cache\electron\1.6.2\package.tgz
92 verbose lock tar://C:\Users\user\AppData\Roaming\npm-cache\electron\1.6.2\package.tgz C:\Users\user\AppData\Roaming\npm-cache\654f2f5a-cache-electron-1-6-2-package-tgz.lock
93 silly gunzTarPerm modes [ '755', '644' ]
94 error Error: EPERM: operation not permitted, mkdir 'C:\Program Files\nodejs\node_modules\electron'
94 error  { Error: EPERM: operation not permitted, mkdir 'C:\Program Files\nodejs\node_modules\electron'
94 error   errno: -4048,
94 error   code: 'EPERM',
94 error   syscall: 'mkdir',
94 error   path: 'C:\\Program Files\\nodejs\\node_modules\\electron',
94 error   fstream_type: 'Directory',
94 error   fstream_path: 'C:\\Program Files\\nodejs\\node_modules\\electron',
94 error   fstream_class: 'DirWriter',
94 error   fstream_stack:
94 error    [ 'C:\\ProgramData\\chocolatey\\lib\\npm\\tools\\node_modules\\npm\\node_modules\\fstream\\lib\\dir-writer.js:36:23',
94 error      'C:\\ProgramData\\chocolatey\\lib\\npm\\tools\\node_modules\\npm\\node_modules\\mkdirp\\index.js:37:53',
94 error      'FSReqWrap.oncomplete (fs.js:112:15)' ] }
95 error Please try running this command again as root/Administrator.
96 error System Windows_NT 10.0.14393
97 error command "C:\\Program Files\\nodejs\\node.exe" "C:\\ProgramData\\chocolatey\\lib\\npm\\tools\\node_modules\\npm\\bin\\npm-cli.js" "install" "-g" "electron"
98 error cwd D:\works\electron
99 error node -v v7.5.0
100 error npm -v 1.4.9
101 error path C:\Program Files\nodejs\node_modules\electron
102 error syscall mkdir
103 error fstream_path C:\Program Files\nodejs\node_modules\electron
104 error fstream_type Directory
105 error fstream_class DirWriter
106 error code EPERM
107 error errno -4048
108 error stack Error: EPERM: operation not permitted, mkdir 'C:\Program Files\nodejs\node_modules\electron'
109 error fstream_stack C:\ProgramData\chocolatey\lib\npm\tools\node_modules\npm\node_modules\fstream\lib\dir-writer.js:36:23
109 error fstream_stack C:\ProgramData\chocolatey\lib\npm\tools\node_modules\npm\node_modules\mkdirp\index.js:37:53
109 error fstream_stack FSReqWrap.oncomplete (fs.js:112:15)
110 verbose exit [ -4048, true ]
